0 info it worked if it ends with ok
1 verbose cli [ '/usr/bin/node',
1 verbose cli   '/usr/bin/npm',
1 verbose cli   'install',
1 verbose cli   '--save-dev',
1 verbose cli   'mocha-chai' ]
2 info using npm@1.4.28
3 info using node@v0.10.38
4 verbose readDependencies using package.json deps
5 verbose cache add [ 'mocha-chai', null ]
6 verbose cache add name=undefined spec="mocha-chai" args=["mocha-chai",null]
7 verbose parsed url { protocol: null,
7 verbose parsed url   slashes: null,
7 verbose parsed url   auth: null,
7 verbose parsed url   host: null,
7 verbose parsed url   port: null,
7 verbose parsed url   hostname: null,
7 verbose parsed url   hash: null,
7 verbose parsed url   search: null,
7 verbose parsed url   query: null,
7 verbose parsed url   pathname: 'mocha-chai',
7 verbose parsed url   path: 'mocha-chai',
7 verbose parsed url   href: 'mocha-chai' }
8 silly lockFile 430b831a-mocha-chai mocha-chai
9 verbose lock mocha-chai /home/dev/.npm/430b831a-mocha-chai.lock
10 silly lockFile 430b831a-mocha-chai mocha-chai
11 silly lockFile 430b831a-mocha-chai mocha-chai
12 verbose addNamed [ 'mocha-chai', '' ]
13 verbose addNamed [ null, '*' ]
14 silly lockFile b5e0c087-mocha-chai mocha-chai@
15 verbose lock mocha-chai@ /home/dev/.npm/b5e0c087-mocha-chai.lock
16 silly addNameRange { name: 'mocha-chai', range: '*', hasData: false }
17 verbose request where is /mocha-chai
18 verbose request registry https://registry.npmjs.org/
19 verbose request id 2a06733f33b0abe4
20 verbose url raw /mocha-chai
21 verbose url resolving [ 'https://registry.npmjs.org/', './mocha-chai' ]
22 verbose url resolved https://registry.npmjs.org/mocha-chai
23 verbose request where is https://registry.npmjs.org/mocha-chai
24 info trying registry request attempt 1 at 14:22:20
25 http GET https://registry.npmjs.org/mocha-chai
26 http 404 https://registry.npmjs.org/mocha-chai
27 verbose headers { server: 'CouchDB/1.5.0 (Erlang OTP/R16B03)',
27 verbose headers   'content-type': 'application/json',
27 verbose headers   'cache-control': 'max-age=0',
27 verbose headers   'content-length': '51',
27 verbose headers   'accept-ranges': 'bytes',
27 verbose headers   date: 'Wed, 03 Jun 2015 14:22:20 GMT',
27 verbose headers   via: '1.1 varnish',
27 verbose headers   age: '0',
27 verbose headers   connection: 'keep-alive',
27 verbose headers   'x-served-by': 'cache-lcy1126-LCY',
27 verbose headers   'x-cache': 'MISS',
27 verbose headers   'x-cache-hits': '0',
27 verbose headers   'x-timer': 'S1433341340.159331,VS0,VE91' }
28 silly registry.get cb [ 404,
28 silly registry.get   { server: 'CouchDB/1.5.0 (Erlang OTP/R16B03)',
28 silly registry.get     'content-type': 'application/json',
28 silly registry.get     'cache-control': 'max-age=0',
28 silly registry.get     'content-length': '51',
28 silly registry.get     'accept-ranges': 'bytes',
28 silly registry.get     date: 'Wed, 03 Jun 2015 14:22:20 GMT',
28 silly registry.get     via: '1.1 varnish',
28 silly registry.get     age: '0',
28 silly registry.get     connection: 'keep-alive',
28 silly registry.get     'x-served-by': 'cache-lcy1126-LCY',
28 silly registry.get     'x-cache': 'MISS',
28 silly registry.get     'x-cache-hits': '0',
28 silly registry.get     'x-timer': 'S1433341340.159331,VS0,VE91' } ]
29 silly lockFile b5e0c087-mocha-chai mocha-chai@
30 silly lockFile b5e0c087-mocha-chai mocha-chai@
31 error 404 404 Not Found: mocha-chai
31 error 404
31 error 404 'mocha-chai' is not in the npm registry.
31 error 404 You should bug the author to publish it
31 error 404 It was specified as a dependency of 'to_mock_or_to_stub'
31 error 404
31 error 404 Note that you can also install from a
31 error 404 tarball, folder, or http url, or git url.
32 error System Linux 3.14.27-100.fc19.x86_64
33 error command "/usr/bin/node" "/usr/bin/npm" "install" "--save-dev" "mocha-chai"
34 error cwd /home/dev/scratch/spa_2015/to_mock_or_to_stub
35 error node -v v0.10.38
36 error npm -v 1.4.28
37 error code E404
38 verbose exit [ 1, true ]
